From: +84915558757","","24/10/30,10:09:07+28"
Nguyencong
From: +84916121505","","24/11/01,15:06:09+28"
OTP 123456
From: +84915558757","","24/11/01,15:22:42+28"
8888
From: +84916121505","","24/11/01,15:24:32+28"
OTP 1111
From: +84916121505","","24/11/01,15:47:06+28"
OTP 123321
000000
(QC) VinaPhone tang rieng Quy Khach 7GB toc do cao dung trong 7 ngay tu goi cuoc DT30. Soan DK gui 9923 voi gia cuoc uu dai chi 30.000d/7 ngay. Loi moi c
1111
666666
2222
Hello
Alo 123
Otp cua ban la 9999
5555
Ab
1
2
6789
1234
Abcd
